# JRE version: OpenJDK Runtime Environment Temurin-19.0.2+7 (19.0.2+7) (build 19.0.2+7)
# Java VM: OpenJDK 64-Bit Server VM Temurin-19.0.2+7 (19.0.2+7, mixed mode, tiered, compressed oops, compressed class ptrs, g1 gc, windows-amd64)
GC Precious Log:
 CardTable entry size: 512
 Card Set container configuration: InlinePtr #cards 4 size 8 Array Of Cards #cards 16 size 48 Howl #buckets 8 coarsen threshold 3686 Howl Bitmap #cards 512 size 80 coarsen threshold 460 Card regions per heap region 1 cards per card region 4096
 CPUs: 12 total, 12 available
 Memory: 16178M
 Large Page Support: Disabled
 NUMA Support: Disabled
 Compressed Oops: Enabled (Zero based)
 Heap Region Size: 2M
 Heap Min Capacity: 8M
 Heap Initial Capacity: 254M
 Heap Max Capacity: 4046M
 Pre-touch: Disabled
 Parallel Workers: 10
 Concurrent Workers: 3
 Concurrent Refinement Workers: 10
 Periodic GC: Disabled
Heap:
 garbage-first heap   total 278528K, used 36984K [0x0000000703200000, 0x0000000800000000)
  region size 2048K, 1 young (2048K), 1 survivors (2048K)
 Metaspace       used 82743K, committed 83456K, reserved 1179648K
  class space    used 10142K, committed 10496K, reserved 1048576K
GC Heap History (20 events):
Event: 3196.423 GC heap after
{Heap after GC invocations=187 (full 0):
 garbage-first heap   total 278528K, used 37290K [0x0000000703200000, 0x0000000800000000)
  region size 2048K, 2 young (4096K), 2 survivors (4096K)
 Metaspace       used 82717K, committed 83456K, reserved 1179648K
  class space    used 10142K, committed 10496K, reserved 1048576K
}
Event: 3196.933 GC heap before
{Heap before GC invocations=187 (full 0):
 garbage-first heap   total 278528K, used 199082K [0x0000000703200000, 0x0000000800000000)
  region size 2048K, 81 young (165888K), 2 survivors (4096K)
 Metaspace       used 82721K, committed 83456K, reserved 1179648K
  class space    used 10142K, committed 10496K, reserved 1048576K
}
Event: 3196.935 GC heap after
{Heap after GC invocations=188 (full 0):
 garbage-first heap   total 278528K, used 37506K [0x0000000703200000, 0x0000000800000000)
  region size 2048K, 2 young (4096K), 2 survivors (4096K)
 Metaspace       used 82721K, committed 83456K, reserved 1179648K
  class space    used 10142K, committed 10496K, reserved 1048576K
}
Event: 3197.434 GC heap before
{Heap before GC invocations=188 (full 0):
 garbage-first heap   total 278528K, used 199298K [0x0000000703200000, 0x0000000800000000)
  region size 2048K, 81 young (165888K), 2 survivors (4096K)
 Metaspace       used 82721K, committed 83456K, reserved 1179648K
  class space    used 10142K, committed 10496K, reserved 1048576K
}
Event: 3197.435 GC heap after
{Heap after GC invocations=189 (full 0):
 garbage-first heap   total 278528K, used 37480K [0x0000000703200000, 0x0000000800000000)
  region size 2048K, 2 young (4096K), 2 survivors (4096K)
 Metaspace       used 82721K, committed 83456K, reserved 1179648K
  class space    used 10142K, committed 10496K, reserved 1048576K
}
Event: 3197.878 GC heap before
{Heap before GC invocations=189 (full 0):
 garbage-first heap   total 278528K, used 199272K [0x0000000703200000, 0x0000000800000000)
  region size 2048K, 81 young (165888K), 2 survivors (4096K)
 Metaspace       used 82721K, committed 83456K, reserved 1179648K
  class space    used 10142K, committed 10496K, reserved 1048576K
}
Event: 3197.879 GC heap after
{Heap after GC invocations=190 (full 0):
 garbage-first heap   total 278528K, used 37653K [0x0000000703200000, 0x0000000800000000)
  region size 2048K, 2 young (4096K), 2 survivors (4096K)
 Metaspace       used 82721K, committed 83456K, reserved 1179648K
  class space    used 10142K, committed 10496K, reserved 1048576K
}
Event: 3198.262 GC heap before
{Heap before GC invocations=190 (full 0):
 garbage-first heap   total 278528K, used 199445K [0x0000000703200000, 0x0000000800000000)
  region size 2048K, 81 young (165888K), 2 survivors (4096K)
 Metaspace       used 82721K, committed 83456K, reserved 1179648K
  class space    used 10142K, committed 10496K, reserved 1048576K
}
Event: 3198.264 GC heap after
{Heap after GC invocations=191 (full 0):
 garbage-first heap   total 278528K, used 37445K [0x0000000703200000, 0x0000000800000000)
  region size 2048K, 2 young (4096K), 2 survivors (4096K)
 Metaspace       used 82721K, committed 83456K, reserved 1179648K
  class space    used 10142K, committed 10496K, reserved 1048576K
}
Event: 3198.714 GC heap before
{Heap before GC invocations=191 (full 0):
 garbage-first heap   total 278528K, used 199237K [0x0000000703200000, 0x0000000800000000)
  region size 2048K, 81 young (165888K), 2 survivors (4096K)
 Metaspace       used 82723K, committed 83456K, reserved 1179648K
  class space    used 10142K, committed 10496K, reserved 1048576K
}
Event: 3198.715 GC heap after
{Heap after GC invocations=192 (full 0):
 garbage-first heap   total 278528K, used 37520K [0x0000000703200000, 0x0000000800000000)
  region size 2048K, 2 young (4096K), 2 survivors (4096K)
 Metaspace       used 82723K, committed 83456K, reserved 1179648K
  class space    used 10142K, committed 10496K, reserved 1048576K
}
Event: 3198.943 GC heap before
{Heap before GC invocations=192 (full 0):
 garbage-first heap   total 278528K, used 199312K [0x0000000703200000, 0x0000000800000000)
  region size 2048K, 81 young (165888K), 2 survivors (4096K)
 Metaspace       used 82723K, committed 83456K, reserved 1179648K
  class space    used 10142K, committed 10496K, reserved 1048576K
}
Event: 3198.947 GC heap after
{Heap after GC invocations=193 (full 0):
 garbage-first heap   total 278528K, used 44221K [0x0000000703200000, 0x0000000800000000)
  region size 2048K, 5 young (10240K), 5 survivors (10240K)
 Metaspace       used 82723K, committed 83456K, reserved 1179648K
  class space    used 10142K, committed 10496K, reserved 1048576K
}
Event: 3199.143 GC heap before
{Heap before GC invocations=193 (full 0):
 garbage-first heap   total 278528K, used 199869K [0x0000000703200000, 0x0000000800000000)
  region size 2048K, 81 young (165888K), 5 survivors (10240K)
 Metaspace       used 82723K, committed 83456K, reserved 1179648K
  class space    used 10142K, committed 10496K, reserved 1048576K
}
Event: 3199.146 GC heap after
{Heap after GC invocations=194 (full 0):
 garbage-first heap   total 278528K, used 44822K [0x0000000703200000, 0x0000000800000000)
  region size 2048K, 5 young (10240K), 5 survivors (10240K)
 Metaspace       used 82723K, committed 83456K, reserved 1179648K
  class space    used 10142K, committed 10496K, reserved 1048576K
}
Event: 3199.334 GC heap before
{Heap before GC invocations=194 (full 0):
 garbage-first heap   total 278528K, used 200470K [0x0000000703200000, 0x0000000800000000)
  region size 2048K, 81 young (165888K), 5 survivors (10240K)
 Metaspace       used 82727K, committed 83456K, reserved 1179648K
  class space    used 10142K, committed 10496K, reserved 1048576K
}
Event: 3199.335 GC heap after
{Heap after GC invocations=195 (full 0):
 garbage-first heap   total 278528K, used 39085K [0x0000000703200000, 0x0000000800000000)
  region size 2048K, 2 young (4096K), 2 survivors (4096K)
 Metaspace       used 82727K, committed 83456K, reserved 1179648K
  class space    used 10142K, committed 10496K, reserved 1048576K
}
Event: 3199.558 GC heap before
{Heap before GC invocations=195 (full 0):
 garbage-first heap   total 278528K, used 200877K [0x0000000703200000, 0x0000000800000000)
  region size 2048K, 81 young (165888K), 2 survivors (4096K)
 Metaspace       used 82727K, committed 83456K, reserved 1179648K
  class space    used 10142K, committed 10496K, reserved 1048576K
}
Event: 3199.561 GC heap after
{Heap after GC invocations=196 (full 0):
 garbage-first heap   total 278528K, used 45581K [0x0000000703200000, 0x0000000800000000)
  region size 2048K, 6 young (12288K), 6 survivors (12288K)
 Metaspace       used 82727K, committed 83456K, reserved 1179648K
  class space    used 10142K, committed 10496K, reserved 1048576K
}
Event: 3199.825 GC heap before
{Heap before GC invocations=196 (full 0):
 garbage-first heap   total 278528K, used 199181K [0x0000000703200000, 0x0000000800000000)
  region size 2048K, 81 young (165888K), 6 survivors (12288K)
 Metaspace       used 82743K, committed 83456K, reserved 1179648K
  class space    used 10142K, committed 10496K, reserved 1048576K
}

